<?xml version="1.0" encoding="UTF-8"?>
<coverage generated="1774069223464" clover="3.2.0">
  <project timestamp="1774069223464" name="All files">
    <metrics statements="81" coveredstatements="81" conditionals="26" coveredconditionals="26" methods="1" coveredmethods="1" elements="108" coveredelements="108" complexity="0" loc="81" ncloc="81" packages="1" files="1" classes="1"/>
    <file name="derive.ts" path="/Users/bunyasit/dev/pseed/lib/onboarding/derive.ts">
      <metrics statements="81" coveredstatements="81" conditionals="26" coveredconditionals="26" methods="1" coveredmethods="1"/>
      <line num="1" count="1" type="stmt"/>
      <line num="2" count="1" type="stmt"/>
      <line num="3" count="1" type="stmt"/>
      <line num="4" count="1" type="stmt"/>
      <line num="5" count="1" type="stmt"/>
      <line num="6" count="1" type="stmt"/>
      <line num="7" count="1" type="stmt"/>
      <line num="8" count="1" type="stmt"/>
      <line num="9" count="1" type="stmt"/>
      <line num="10" count="1" type="stmt"/>
      <line num="11" count="1" type="stmt"/>
      <line num="12" count="1" type="stmt"/>
      <line num="13" count="1" type="stmt"/>
      <line num="14" count="1" type="stmt"/>
      <line num="15" count="1" type="stmt"/>
      <line num="16" count="1" type="stmt"/>
      <line num="17" count="1" type="stmt"/>
      <line num="18" count="1" type="stmt"/>
      <line num="19" count="1" type="stmt"/>
      <line num="20" count="1" type="stmt"/>
      <line num="21" count="1" type="stmt"/>
      <line num="22" count="1" type="stmt"/>
      <line num="23" count="1" type="cond" truecount="1" falsecount="0"/>
      <line num="24" count="5" type="stmt"/>
      <line num="25" count="5" type="stmt"/>
      <line num="26" count="5" type="stmt"/>
      <line num="27" count="5" type="stmt"/>
      <line num="28" count="5" type="stmt"/>
      <line num="29" count="5" type="stmt"/>
      <line num="30" count="5" type="stmt"/>
      <line num="31" count="5" type="stmt"/>
      <line num="32" count="5" type="stmt"/>
      <line num="33" count="5" type="stmt"/>
      <line num="34" count="5" type="cond" truecount="2" falsecount="0"/>
      <line num="35" count="2" type="stmt"/>
      <line num="36" count="5" type="cond" truecount="1" falsecount="0"/>
      <line num="37" count="1" type="stmt"/>
      <line num="38" count="5" type="cond" truecount="1" falsecount="0"/>
      <line num="39" count="4" type="cond" truecount="1" falsecount="0"/>
      <line num="40" count="2" type="stmt"/>
      <line num="41" count="4" type="cond" truecount="1" falsecount="0"/>
      <line num="42" count="2" type="stmt"/>
      <line num="43" count="2" type="stmt"/>
      <line num="44" count="2" type="cond" truecount="1" falsecount="0"/>
      <line num="45" count="1" type="cond" truecount="1" falsecount="0"/>
      <line num="46" count="1" type="stmt"/>
      <line num="47" count="2" type="cond" truecount="1" falsecount="0"/>
      <line num="48" count="1" type="stmt"/>
      <line num="49" count="1" type="stmt"/>
      <line num="50" count="1" type="stmt"/>
      <line num="51" count="1" type="stmt"/>
      <line num="52" count="5" type="stmt"/>
      <line num="53" count="5" type="stmt"/>
      <line num="54" count="5" type="cond" truecount="2" falsecount="0"/>
      <line num="55" count="1" type="stmt"/>
      <line num="56" count="5" type="cond" truecount="3" falsecount="0"/>
      <line num="57" count="1" type="stmt"/>
      <line num="58" count="4" type="cond" truecount="3" falsecount="0"/>
      <line num="59" count="2" type="stmt"/>
      <line num="60" count="3" type="cond" truecount="1" falsecount="0"/>
      <line num="61" count="1" type="stmt"/>
      <line num="62" count="1" type="stmt"/>
      <line num="63" count="5" type="stmt"/>
      <line num="64" count="5" type="stmt"/>
      <line num="65" count="5" type="stmt"/>
      <line num="66" count="5" type="cond" truecount="1" falsecount="0"/>
      <line num="67" count="4" type="cond" truecount="1" falsecount="0"/>
      <line num="68" count="3" type="stmt"/>
      <line num="69" count="5" type="cond" truecount="1" falsecount="0"/>
      <line num="70" count="2" type="stmt"/>
      <line num="71" count="5" type="cond" truecount="1" falsecount="0"/>
      <line num="72" count="3" type="cond" truecount="1" falsecount="0"/>
      <line num="73" count="1" type="stmt"/>
      <line num="74" count="3" type="cond" truecount="1" falsecount="0"/>
      <line num="75" count="2" type="stmt"/>
      <line num="76" count="3" type="cond" truecount="1" falsecount="0"/>
      <line num="77" count="1" type="stmt"/>
      <line num="78" count="1" type="stmt"/>
      <line num="79" count="5" type="stmt"/>
      <line num="80" count="5" type="stmt"/>
      <line num="81" count="5" type="stmt"/>
    </file>
  </project>
</coverage>
