{"/Users/bunyasit/dev/pseed/lib/onboarding/derive.ts": {"path":"/Users/bunyasit/dev/pseed/lib/onboarding/derive.ts","all":false,"statementMap":{"0":{"start":{"line":1,"column":0},"end":{"line":1,"column":13}},"1":{"start":{"line":2,"column":0},"end":{"line":2,"column":16}},"2":{"start":{"line":3,"column":0},"end":{"line":3,"column":21}},"3":{"start":{"line":4,"column":0},"end":{"line":4,"column":13}},"4":{"start":{"line":5,"column":0},"end":{"line":5,"column":11}},"5":{"start":{"line":6,"column":0},"end":{"line":6,"column":28}},"6":{"start":{"line":7,"column":0},"end":{"line":7,"column":0}},"7":{"start":{"line":8,"column":0},"end":{"line":8,"column":24}},"8":{"start":{"line":9,"column":0},"end":{"line":9,"column":32}},"9":{"start":{"line":10,"column":0},"end":{"line":10,"column":50}},"10":{"start":{"line":11,"column":0},"end":{"line":11,"column":42}},"11":{"start":{"line":12,"column":0},"end":{"line":12,"column":54}},"12":{"start":{"line":13,"column":0},"end":{"line":13,"column":56}},"13":{"start":{"line":14,"column":0},"end":{"line":14,"column":52}},"14":{"start":{"line":15,"column":0},"end":{"line":15,"column":1}},"15":{"start":{"line":16,"column":0},"end":{"line":16,"column":0}},"16":{"start":{"line":17,"column":0},"end":{"line":17,"column":25}},"17":{"start":{"line":18,"column":0},"end":{"line":18,"column":22}},"18":{"start":{"line":19,"column":0},"end":{"line":19,"column":26}},"19":{"start":{"line":20,"column":0},"end":{"line":20,"column":42}},"20":{"start":{"line":21,"column":0},"end":{"line":21,"column":1}},"21":{"start":{"line":22,"column":0},"end":{"line":22,"column":0}},"22":{"start":{"line":23,"column":0},"end":{"line":23,"column":68}},"23":{"start":{"line":24,"column":0},"end":{"line":24,"column":9}},"24":{"start":{"line":25,"column":0},"end":{"line":25,"column":10}},"25":{"start":{"line":26,"column":0},"end":{"line":26,"column":19}},"26":{"start":{"line":27,"column":0},"end":{"line":27,"column":15}},"27":{"start":{"line":28,"column":0},"end":{"line":28,"column":21}},"28":{"start":{"line":29,"column":0},"end":{"line":29,"column":22}},"29":{"start":{"line":30,"column":0},"end":{"line":30,"column":13}},"30":{"start":{"line":31,"column":0},"end":{"line":31,"column":0}},"31":{"start":{"line":32,"column":0},"end":{"line":32,"column":26}},"32":{"start":{"line":33,"column":0},"end":{"line":33,"column":6}},"33":{"start":{"line":34,"column":0},"end":{"line":34,"column":56}},"34":{"start":{"line":35,"column":0},"end":{"line":35,"column":37}},"35":{"start":{"line":36,"column":0},"end":{"line":36,"column":5}},"36":{"start":{"line":37,"column":0},"end":{"line":37,"column":27}},"37":{"start":{"line":38,"column":0},"end":{"line":38,"column":13}},"38":{"start":{"line":39,"column":0},"end":{"line":39,"column":36}},"39":{"start":{"line":40,"column":0},"end":{"line":40,"column":37}},"40":{"start":{"line":41,"column":0},"end":{"line":41,"column":5}},"41":{"start":{"line":42,"column":0},"end":{"line":42,"column":26}},"42":{"start":{"line":43,"column":0},"end":{"line":43,"column":13}},"43":{"start":{"line":44,"column":0},"end":{"line":44,"column":32}},"44":{"start":{"line":45,"column":0},"end":{"line":45,"column":27}},"45":{"start":{"line":46,"column":0},"end":{"line":46,"column":34}},"46":{"start":{"line":47,"column":0},"end":{"line":47,"column":5}},"47":{"start":{"line":48,"column":0},"end":{"line":48,"column":23}},"48":{"start":{"line":49,"column":0},"end":{"line":49,"column":10}},"49":{"start":{"line":50,"column":0},"end":{"line":50,"column":27}},"50":{"start":{"line":51,"column":0},"end":{"line":51,"column":3}},"51":{"start":{"line":52,"column":0},"end":{"line":52,"column":0}},"52":{"start":{"line":53,"column":0},"end":{"line":53,"column":30}},"53":{"start":{"line":54,"column":0},"end":{"line":54,"column":55}},"54":{"start":{"line":55,"column":0},"end":{"line":55,"column":29}},"55":{"start":{"line":56,"column":0},"end":{"line":56,"column":74}},"56":{"start":{"line":57,"column":0},"end":{"line":57,"column":28}},"57":{"start":{"line":58,"column":0},"end":{"line":58,"column":74}},"58":{"start":{"line":59,"column":0},"end":{"line":59,"column":27}},"59":{"start":{"line":60,"column":0},"end":{"line":60,"column":10}},"60":{"start":{"line":61,"column":0},"end":{"line":61,"column":28}},"61":{"start":{"line":62,"column":0},"end":{"line":62,"column":3}},"62":{"start":{"line":63,"column":0},"end":{"line":63,"column":0}},"63":{"start":{"line":64,"column":0},"end":{"line":64,"column":46}},"64":{"start":{"line":65,"column":0},"end":{"line":65,"column":6}},"65":{"start":{"line":66,"column":0},"end":{"line":66,"column":25}},"66":{"start":{"line":67,"column":0},"end":{"line":67,"column":32}},"67":{"start":{"line":68,"column":0},"end":{"line":68,"column":37}},"68":{"start":{"line":69,"column":0},"end":{"line":69,"column":5}},"69":{"start":{"line":70,"column":0},"end":{"line":70,"column":33}},"70":{"start":{"line":71,"column":0},"end":{"line":71,"column":13}},"71":{"start":{"line":72,"column":0},"end":{"line":72,"column":42}},"72":{"start":{"line":73,"column":0},"end":{"line":73,"column":27}},"73":{"start":{"line":74,"column":0},"end":{"line":74,"column":5}},"74":{"start":{"line":75,"column":0},"end":{"line":75,"column":35}},"75":{"start":{"line":76,"column":0},"end":{"line":76,"column":10}},"76":{"start":{"line":77,"column":0},"end":{"line":77,"column":32}},"77":{"start":{"line":78,"column":0},"end":{"line":78,"column":3}},"78":{"start":{"line":79,"column":0},"end":{"line":79,"column":0}},"79":{"start":{"line":80,"column":0},"end":{"line":80,"column":57}},"80":{"start":{"line":81,"column":0},"end":{"line":81,"column":1}}},"s":{"0":1,"1":1,"2":1,"3":1,"4":1,"5":1,"6":1,"7":1,"8":1,"9":1,"10":1,"11":1,"12":1,"13":1,"14":1,"15":1,"16":1,"17":1,"18":1,"19":1,"20":1,"21":1,"22":1,"23":5,"24":5,"25":5,"26":5,"27":5,"28":5,"29":5,"30":5,"31":5,"32":5,"33":5,"34":2,"35":5,"36":1,"37":5,"38":4,"39":2,"40":4,"41":2,"42":2,"43":2,"44":1,"45":1,"46":2,"47":1,"48":1,"49":1,"50":1,"51":5,"52":5,"53":5,"54":1,"55":5,"56":1,"57":4,"58":2,"59":3,"60":1,"61":1,"62":5,"63":5,"64":5,"65":5,"66":4,"67":3,"68":5,"69":2,"70":5,"71":3,"72":1,"73":3,"74":2,"75":3,"76":1,"77":1,"78":5,"79":5,"80":5},"branchMap":{"0":{"type":"branch","line":23,"loc":{"start":{"line":23,"column":7},"end":{"line":81,"column":1}},"locations":[{"start":{"line":23,"column":7},"end":{"line":81,"column":1}}]},"1":{"type":"branch","line":34,"loc":{"start":{"line":34,"column":15},"end":{"line":34,"column":51}},"locations":[{"start":{"line":34,"column":15},"end":{"line":34,"column":51}}]},"2":{"type":"branch","line":34,"loc":{"start":{"line":34,"column":51},"end":{"line":35,"column":37}},"locations":[{"start":{"line":34,"column":51},"end":{"line":35,"column":37}}]},"3":{"type":"branch","line":36,"loc":{"start":{"line":36,"column":4},"end":{"line":38,"column":9}},"locations":[{"start":{"line":36,"column":4},"end":{"line":38,"column":9}}]},"4":{"type":"branch","line":38,"loc":{"start":{"line":38,"column":2},"end":{"line":51,"column":3}},"locations":[{"start":{"line":38,"column":2},"end":{"line":51,"column":3}}]},"5":{"type":"branch","line":39,"loc":{"start":{"line":39,"column":23},"end":{"line":40,"column":37}},"locations":[{"start":{"line":39,"column":23},"end":{"line":40,"column":37}}]},"6":{"type":"branch","line":41,"loc":{"start":{"line":41,"column":4},"end":{"line":51,"column":3}},"locations":[{"start":{"line":41,"column":4},"end":{"line":51,"column":3}}]},"7":{"type":"branch","line":44,"loc":{"start":{"line":44,"column":23},"end":{"line":45,"column":27}},"locations":[{"start":{"line":44,"column":23},"end":{"line":45,"column":27}}]},"8":{"type":"branch","line":45,"loc":{"start":{"line":45,"column":19},"end":{"line":46,"column":34}},"locations":[{"start":{"line":45,"column":19},"end":{"line":46,"column":34}}]},"9":{"type":"branch","line":47,"loc":{"start":{"line":47,"column":4},"end":{"line":51,"column":3}},"locations":[{"start":{"line":47,"column":4},"end":{"line":51,"column":3}}]},"10":{"type":"branch","line":54,"loc":{"start":{"line":54,"column":16},"end":{"line":54,"column":54}},"locations":[{"start":{"line":54,"column":16},"end":{"line":54,"column":54}}]},"11":{"type":"branch","line":54,"loc":{"start":{"line":54,"column":54},"end":{"line":56,"column":9}},"locations":[{"start":{"line":54,"column":54},"end":{"line":56,"column":9}}]},"12":{"type":"branch","line":56,"loc":{"start":{"line":56,"column":2},"end":{"line":62,"column":3}},"locations":[{"start":{"line":56,"column":2},"end":{"line":62,"column":3}}]},"13":{"type":"branch","line":56,"loc":{"start":{"line":56,"column":32},"end":{"line":56,"column":73}},"locations":[{"start":{"line":56,"column":32},"end":{"line":56,"column":73}}]},"14":{"type":"branch","line":56,"loc":{"start":{"line":56,"column":73},"end":{"line":58,"column":9}},"locations":[{"start":{"line":56,"column":73},"end":{"line":58,"column":9}}]},"15":{"type":"branch","line":58,"loc":{"start":{"line":58,"column":2},"end":{"line":62,"column":3}},"locations":[{"start":{"line":58,"column":2},"end":{"line":62,"column":3}}]},"16":{"type":"branch","line":58,"loc":{"start":{"line":58,"column":27},"end":{"line":58,"column":73}},"locations":[{"start":{"line":58,"column":27},"end":{"line":58,"column":73}}]},"17":{"type":"branch","line":58,"loc":{"start":{"line":58,"column":73},"end":{"line":60,"column":9}},"locations":[{"start":{"line":58,"column":73},"end":{"line":60,"column":9}}]},"18":{"type":"branch","line":60,"loc":{"start":{"line":60,"column":2},"end":{"line":62,"column":3}},"locations":[{"start":{"line":60,"column":2},"end":{"line":62,"column":3}}]},"19":{"type":"branch","line":66,"loc":{"start":{"line":66,"column":14},"end":{"line":67,"column":32}},"locations":[{"start":{"line":66,"column":14},"end":{"line":67,"column":32}}]},"20":{"type":"branch","line":67,"loc":{"start":{"line":67,"column":14},"end":{"line":68,"column":37}},"locations":[{"start":{"line":67,"column":14},"end":{"line":68,"column":37}}]},"21":{"type":"branch","line":69,"loc":{"start":{"line":69,"column":4},"end":{"line":71,"column":9}},"locations":[{"start":{"line":69,"column":4},"end":{"line":71,"column":9}}]},"22":{"type":"branch","line":71,"loc":{"start":{"line":71,"column":2},"end":{"line":78,"column":3}},"locations":[{"start":{"line":71,"column":2},"end":{"line":78,"column":3}}]},"23":{"type":"branch","line":72,"loc":{"start":{"line":72,"column":26},"end":{"line":73,"column":27}},"locations":[{"start":{"line":72,"column":26},"end":{"line":73,"column":27}}]},"24":{"type":"branch","line":74,"loc":{"start":{"line":74,"column":4},"end":{"line":76,"column":9}},"locations":[{"start":{"line":74,"column":4},"end":{"line":76,"column":9}}]},"25":{"type":"branch","line":76,"loc":{"start":{"line":76,"column":2},"end":{"line":78,"column":3}},"locations":[{"start":{"line":76,"column":2},"end":{"line":78,"column":3}}]}},"b":{"0":[5],"1":[4],"2":[2],"3":[1],"4":[4],"5":[2],"6":[2],"7":[1],"8":[1],"9":[1],"10":[4],"11":[1],"12":[4],"13":[2],"14":[1],"15":[3],"16":[2],"17":[2],"18":[1],"19":[4],"20":[3],"21":[2],"22":[3],"23":[1],"24":[2],"25":[1]},"fnMap":{"0":{"name":"deriveOutputs","decl":{"start":{"line":23,"column":7},"end":{"line":81,"column":1}},"loc":{"start":{"line":23,"column":7},"end":{"line":81,"column":1}},"line":23}},"f":{"0":5}}
}
