{"/Users/bunyasit/dev/pseed/supabase/functions/onboarding-chat/handler.ts": {"path":"/Users/bunyasit/dev/pseed/supabase/functions/onboarding-chat/handler.ts","all":false,"statementMap":{"0":{"start":{"line":1,"column":0},"end":{"line":1,"column":30}},"1":{"start":{"line":2,"column":0},"end":{"line":2,"column":25}},"2":{"start":{"line":3,"column":0},"end":{"line":3,"column":28}},"3":{"start":{"line":4,"column":0},"end":{"line":4,"column":1}},"4":{"start":{"line":5,"column":0},"end":{"line":5,"column":0}},"5":{"start":{"line":6,"column":0},"end":{"line":6,"column":30}},"6":{"start":{"line":7,"column":0},"end":{"line":7,"column":58}},"7":{"start":{"line":8,"column":0},"end":{"line":8,"column":30}},"8":{"start":{"line":9,"column":0},"end":{"line":9,"column":17}},"9":{"start":{"line":10,"column":0},"end":{"line":10,"column":17}},"10":{"start":{"line":11,"column":0},"end":{"line":11,"column":28}},"11":{"start":{"line":12,"column":0},"end":{"line":12,"column":34}},"12":{"start":{"line":13,"column":0},"end":{"line":13,"column":4}},"13":{"start":{"line":14,"column":0},"end":{"line":14,"column":1}},"14":{"start":{"line":15,"column":0},"end":{"line":15,"column":0}},"15":{"start":{"line":16,"column":0},"end":{"line":16,"column":37}},"16":{"start":{"line":17,"column":0},"end":{"line":17,"column":18}},"17":{"start":{"line":18,"column":0},"end":{"line":18,"column":9}},"18":{"start":{"line":19,"column":0},"end":{"line":19,"column":10}},"19":{"start":{"line":20,"column":0},"end":{"line":20,"column":31}},"20":{"start":{"line":21,"column":0},"end":{"line":21,"column":32}},"21":{"start":{"line":22,"column":0},"end":{"line":22,"column":32}},"22":{"start":{"line":23,"column":0},"end":{"line":23,"column":17}},"23":{"start":{"line":24,"column":0},"end":{"line":24,"column":58}},"24":{"start":{"line":25,"column":0},"end":{"line":25,"column":23}},"25":{"start":{"line":26,"column":0},"end":{"line":26,"column":4}},"26":{"start":{"line":27,"column":0},"end":{"line":27,"column":1}},"27":{"start":{"line":28,"column":0},"end":{"line":28,"column":0}},"28":{"start":{"line":29,"column":0},"end":{"line":29,"column":28}},"29":{"start":{"line":30,"column":0},"end":{"line":30,"column":23}},"30":{"start":{"line":31,"column":0},"end":{"line":31,"column":25}},"31":{"start":{"line":32,"column":0},"end":{"line":32,"column":22}},"32":{"start":{"line":33,"column":0},"end":{"line":33,"column":21}},"33":{"start":{"line":34,"column":0},"end":{"line":34,"column":0}},"34":{"start":{"line":35,"column":0},"end":{"line":35,"column":61}},"35":{"start":{"line":36,"column":0},"end":{"line":36,"column":187}},"36":{"start":{"line":37,"column":0},"end":{"line":37,"column":0}},"37":{"start":{"line":38,"column":0},"end":{"line":38,"column":217}},"38":{"start":{"line":39,"column":0},"end":{"line":39,"column":0}},"39":{"start":{"line":40,"column":0},"end":{"line":40,"column":140}},"40":{"start":{"line":41,"column":0},"end":{"line":41,"column":0}},"41":{"start":{"line":42,"column":0},"end":{"line":42,"column":71}},"42":{"start":{"line":43,"column":0},"end":{"line":43,"column":147}},"43":{"start":{"line":44,"column":0},"end":{"line":44,"column":0}},"44":{"start":{"line":45,"column":0},"end":{"line":45,"column":18}},"45":{"start":{"line":46,"column":0},"end":{"line":46,"column":99}},"46":{"start":{"line":47,"column":0},"end":{"line":47,"column":115}},"47":{"start":{"line":48,"column":0},"end":{"line":48,"column":64}},"48":{"start":{"line":49,"column":0},"end":{"line":49,"column":0}},"49":{"start":{"line":50,"column":0},"end":{"line":50,"column":49}},"50":{"start":{"line":51,"column":0},"end":{"line":51,"column":1}},"51":{"start":{"line":52,"column":0},"end":{"line":52,"column":17}},"52":{"start":{"line":53,"column":0},"end":{"line":53,"column":5}},"53":{"start":{"line":54,"column":0},"end":{"line":54,"column":30}},"54":{"start":{"line":55,"column":0},"end":{"line":55,"column":122}},"55":{"start":{"line":56,"column":0},"end":{"line":56,"column":5}},"56":{"start":{"line":57,"column":0},"end":{"line":57,"column":3}},"57":{"start":{"line":58,"column":0},"end":{"line":58,"column":3}},"58":{"start":{"line":59,"column":0},"end":{"line":59,"column":131}},"59":{"start":{"line":60,"column":0},"end":{"line":60,"column":0}},"60":{"start":{"line":61,"column":0},"end":{"line":61,"column":6}},"61":{"start":{"line":62,"column":0},"end":{"line":62,"column":54}},"62":{"start":{"line":63,"column":0},"end":{"line":63,"column":45}},"63":{"start":{"line":64,"column":0},"end":{"line":64,"column":75}},"64":{"start":{"line":65,"column":0},"end":{"line":65,"column":37}},"65":{"start":{"line":66,"column":0},"end":{"line":66,"column":0}},"66":{"start":{"line":67,"column":0},"end":{"line":67,"column":29}},"67":{"start":{"line":68,"column":0},"end":{"line":68,"column":1}},"68":{"start":{"line":69,"column":0},"end":{"line":69,"column":85}},"69":{"start":{"line":70,"column":0},"end":{"line":70,"column":3}},"70":{"start":{"line":71,"column":0},"end":{"line":71,"column":2}},"71":{"start":{"line":72,"column":0},"end":{"line":72,"column":0}},"72":{"start":{"line":73,"column":0},"end":{"line":73,"column":31}},"73":{"start":{"line":74,"column":0},"end":{"line":74,"column":17}},"74":{"start":{"line":75,"column":0},"end":{"line":75,"column":0}},"75":{"start":{"line":76,"column":0},"end":{"line":76,"column":48}},"76":{"start":{"line":77,"column":0},"end":{"line":77,"column":19}},"77":{"start":{"line":78,"column":0},"end":{"line":78,"column":25}},"78":{"start":{"line":79,"column":0},"end":{"line":79,"column":3}},"79":{"start":{"line":80,"column":0},"end":{"line":80,"column":1}},"80":{"start":{"line":81,"column":0},"end":{"line":81,"column":0}},"81":{"start":{"line":82,"column":0},"end":{"line":82,"column":22}},"82":{"start":{"line":83,"column":0},"end":{"line":83,"column":37}},"83":{"start":{"line":84,"column":0},"end":{"line":84,"column":33}},"84":{"start":{"line":85,"column":0},"end":{"line":85,"column":57}},"85":{"start":{"line":86,"column":0},"end":{"line":86,"column":50}},"86":{"start":{"line":87,"column":0},"end":{"line":87,"column":2}},"87":{"start":{"line":88,"column":0},"end":{"line":88,"column":0}},"88":{"start":{"line":89,"column":0},"end":{"line":89,"column":24}},"89":{"start":{"line":90,"column":0},"end":{"line":90,"column":35}},"90":{"start":{"line":91,"column":0},"end":{"line":91,"column":14}},"91":{"start":{"line":92,"column":0},"end":{"line":92,"column":13}},"92":{"start":{"line":93,"column":0},"end":{"line":93,"column":48}},"93":{"start":{"line":94,"column":0},"end":{"line":94,"column":11}},"94":{"start":{"line":95,"column":0},"end":{"line":95,"column":14}},"95":{"start":{"line":96,"column":0},"end":{"line":96,"column":41}},"96":{"start":{"line":97,"column":0},"end":{"line":97,"column":22}},"97":{"start":{"line":98,"column":0},"end":{"line":98,"column":6}},"98":{"start":{"line":99,"column":0},"end":{"line":99,"column":5}},"99":{"start":{"line":100,"column":0},"end":{"line":100,"column":1}},"100":{"start":{"line":101,"column":0},"end":{"line":101,"column":0}},"101":{"start":{"line":102,"column":0},"end":{"line":102,"column":61}},"102":{"start":{"line":103,"column":0},"end":{"line":103,"column":10}},"103":{"start":{"line":104,"column":0},"end":{"line":104,"column":22}},"104":{"start":{"line":105,"column":0},"end":{"line":105,"column":36}},"105":{"start":{"line":106,"column":0},"end":{"line":106,"column":30}},"106":{"start":{"line":107,"column":0},"end":{"line":107,"column":4}},"107":{"start":{"line":108,"column":0},"end":{"line":108,"column":1}},"108":{"start":{"line":109,"column":0},"end":{"line":109,"column":0}},"109":{"start":{"line":110,"column":0},"end":{"line":110,"column":56}},"110":{"start":{"line":111,"column":0},"end":{"line":111,"column":48}},"111":{"start":{"line":112,"column":0},"end":{"line":112,"column":53}},"112":{"start":{"line":113,"column":0},"end":{"line":113,"column":3}},"113":{"start":{"line":114,"column":0},"end":{"line":114,"column":0}},"114":{"start":{"line":115,"column":0},"end":{"line":115,"column":47}},"115":{"start":{"line":116,"column":0},"end":{"line":116,"column":27}},"116":{"start":{"line":117,"column":0},"end":{"line":117,"column":67}},"117":{"start":{"line":118,"column":0},"end":{"line":118,"column":3}},"118":{"start":{"line":119,"column":0},"end":{"line":119,"column":0}},"119":{"start":{"line":120,"column":0},"end":{"line":120,"column":42}},"120":{"start":{"line":121,"column":0},"end":{"line":121,"column":62}},"121":{"start":{"line":122,"column":0},"end":{"line":122,"column":3}},"122":{"start":{"line":123,"column":0},"end":{"line":123,"column":0}},"123":{"start":{"line":124,"column":0},"end":{"line":124,"column":68}},"124":{"start":{"line":125,"column":0},"end":{"line":125,"column":57}},"125":{"start":{"line":126,"column":0},"end":{"line":126,"column":3}},"126":{"start":{"line":127,"column":0},"end":{"line":127,"column":0}},"127":{"start":{"line":128,"column":0},"end":{"line":128,"column":29}},"128":{"start":{"line":129,"column":0},"end":{"line":129,"column":1}},"129":{"start":{"line":130,"column":0},"end":{"line":130,"column":0}},"130":{"start":{"line":131,"column":0},"end":{"line":131,"column":57}},"131":{"start":{"line":132,"column":0},"end":{"line":132,"column":34}},"132":{"start":{"line":133,"column":0},"end":{"line":133,"column":21}},"133":{"start":{"line":134,"column":0},"end":{"line":134,"column":16}},"134":{"start":{"line":135,"column":0},"end":{"line":135,"column":3}},"135":{"start":{"line":136,"column":0},"end":{"line":136,"column":0}},"136":{"start":{"line":137,"column":0},"end":{"line":137,"column":16}},"137":{"start":{"line":138,"column":0},"end":{"line":138,"column":23}},"138":{"start":{"line":139,"column":0},"end":{"line":139,"column":22}},"139":{"start":{"line":140,"column":0},"end":{"line":140,"column":0}},"140":{"start":{"line":141,"column":0},"end":{"line":141,"column":48}},"141":{"start":{"line":142,"column":0},"end":{"line":142,"column":23}},"142":{"start":{"line":143,"column":0},"end":{"line":143,"column":0}},"143":{"start":{"line":144,"column":0},"end":{"line":144,"column":19}},"144":{"start":{"line":145,"column":0},"end":{"line":145,"column":20}},"145":{"start":{"line":146,"column":0},"end":{"line":146,"column":24}},"146":{"start":{"line":147,"column":0},"end":{"line":147,"column":31}},"147":{"start":{"line":148,"column":0},"end":{"line":148,"column":23}},"148":{"start":{"line":149,"column":0},"end":{"line":149,"column":31}},"149":{"start":{"line":150,"column":0},"end":{"line":150,"column":25}},"150":{"start":{"line":151,"column":0},"end":{"line":151,"column":7}},"151":{"start":{"line":152,"column":0},"end":{"line":152,"column":15}},"152":{"start":{"line":153,"column":0},"end":{"line":153,"column":5}},"153":{"start":{"line":154,"column":0},"end":{"line":154,"column":0}},"154":{"start":{"line":155,"column":0},"end":{"line":155,"column":22}},"155":{"start":{"line":156,"column":0},"end":{"line":156,"column":22}},"156":{"start":{"line":157,"column":0},"end":{"line":157,"column":15}},"157":{"start":{"line":158,"column":0},"end":{"line":158,"column":5}},"158":{"start":{"line":159,"column":0},"end":{"line":159,"column":0}},"159":{"start":{"line":160,"column":0},"end":{"line":160,"column":21}},"160":{"start":{"line":161,"column":0},"end":{"line":161,"column":17}},"161":{"start":{"line":162,"column":0},"end":{"line":162,"column":15}},"162":{"start":{"line":163,"column":0},"end":{"line":163,"column":5}},"163":{"start":{"line":164,"column":0},"end":{"line":164,"column":0}},"164":{"start":{"line":165,"column":0},"end":{"line":165,"column":21}},"165":{"start":{"line":166,"column":0},"end":{"line":166,"column":17}},"166":{"start":{"line":167,"column":0},"end":{"line":167,"column":24}},"167":{"start":{"line":168,"column":0},"end":{"line":168,"column":40}},"168":{"start":{"line":169,"column":0},"end":{"line":169,"column":7}},"169":{"start":{"line":170,"column":0},"end":{"line":170,"column":5}},"170":{"start":{"line":171,"column":0},"end":{"line":171,"column":3}},"171":{"start":{"line":172,"column":0},"end":{"line":172,"column":0}},"172":{"start":{"line":173,"column":0},"end":{"line":173,"column":14}},"173":{"start":{"line":174,"column":0},"end":{"line":174,"column":1}},"174":{"start":{"line":175,"column":0},"end":{"line":175,"column":0}},"175":{"start":{"line":176,"column":0},"end":{"line":176,"column":64}},"176":{"start":{"line":177,"column":0},"end":{"line":177,"column":44}},"177":{"start":{"line":178,"column":0},"end":{"line":178,"column":19}},"178":{"start":{"line":179,"column":0},"end":{"line":179,"column":50}},"179":{"start":{"line":180,"column":0},"end":{"line":180,"column":3}},"180":{"start":{"line":181,"column":0},"end":{"line":181,"column":58}},"181":{"start":{"line":182,"column":0},"end":{"line":182,"column":1}},"182":{"start":{"line":183,"column":0},"end":{"line":183,"column":0}},"183":{"start":{"line":184,"column":0},"end":{"line":184,"column":67}},"184":{"start":{"line":185,"column":0},"end":{"line":185,"column":53}},"185":{"start":{"line":186,"column":0},"end":{"line":186,"column":35}},"186":{"start":{"line":187,"column":0},"end":{"line":187,"column":59}},"187":{"start":{"line":188,"column":0},"end":{"line":188,"column":5}},"188":{"start":{"line":189,"column":0},"end":{"line":189,"column":0}},"189":{"start":{"line":190,"column":0},"end":{"line":190,"column":9}},"190":{"start":{"line":191,"column":0},"end":{"line":191,"column":35}},"191":{"start":{"line":192,"column":0},"end":{"line":192,"column":71}},"192":{"start":{"line":193,"column":0},"end":{"line":193,"column":0}},"193":{"start":{"line":194,"column":0},"end":{"line":194,"column":39}},"194":{"start":{"line":195,"column":0},"end":{"line":195,"column":0}},"195":{"start":{"line":196,"column":0},"end":{"line":196,"column":28}},"196":{"start":{"line":197,"column":0},"end":{"line":197,"column":73}},"197":{"start":{"line":198,"column":0},"end":{"line":198,"column":73}},"198":{"start":{"line":199,"column":0},"end":{"line":199,"column":75}},"199":{"start":{"line":200,"column":0},"end":{"line":200,"column":0}},"200":{"start":{"line":201,"column":0},"end":{"line":201,"column":20}},"201":{"start":{"line":202,"column":0},"end":{"line":202,"column":29}},"202":{"start":{"line":203,"column":0},"end":{"line":203,"column":71}},"203":{"start":{"line":204,"column":0},"end":{"line":204,"column":10}},"204":{"start":{"line":205,"column":0},"end":{"line":205,"column":49}},"205":{"start":{"line":206,"column":0},"end":{"line":206,"column":38}},"206":{"start":{"line":207,"column":0},"end":{"line":207,"column":44}},"207":{"start":{"line":208,"column":0},"end":{"line":208,"column":22}},"208":{"start":{"line":209,"column":0},"end":{"line":209,"column":10}},"209":{"start":{"line":210,"column":0},"end":{"line":210,"column":44}},"210":{"start":{"line":211,"column":0},"end":{"line":211,"column":45}},"211":{"start":{"line":212,"column":0},"end":{"line":212,"column":0}},"212":{"start":{"line":213,"column":0},"end":{"line":213,"column":41}},"213":{"start":{"line":214,"column":0},"end":{"line":214,"column":56}},"214":{"start":{"line":215,"column":0},"end":{"line":215,"column":9}},"215":{"start":{"line":216,"column":0},"end":{"line":216,"column":0}},"216":{"start":{"line":217,"column":0},"end":{"line":217,"column":20}},"217":{"start":{"line":218,"column":0},"end":{"line":218,"column":18}},"218":{"start":{"line":219,"column":0},"end":{"line":219,"column":90}},"219":{"start":{"line":220,"column":0},"end":{"line":220,"column":45}},"220":{"start":{"line":221,"column":0},"end":{"line":221,"column":24}},"221":{"start":{"line":222,"column":0},"end":{"line":222,"column":79}},"222":{"start":{"line":223,"column":0},"end":{"line":223,"column":12}},"223":{"start":{"line":224,"column":0},"end":{"line":224,"column":10}},"224":{"start":{"line":225,"column":0},"end":{"line":225,"column":14}},"225":{"start":{"line":226,"column":0},"end":{"line":226,"column":82}},"226":{"start":{"line":227,"column":0},"end":{"line":227,"column":71}},"227":{"start":{"line":228,"column":0},"end":{"line":228,"column":71}},"228":{"start":{"line":229,"column":0},"end":{"line":229,"column":54}},"229":{"start":{"line":230,"column":0},"end":{"line":230,"column":11}},"230":{"start":{"line":231,"column":0},"end":{"line":231,"column":44}},"231":{"start":{"line":232,"column":0},"end":{"line":232,"column":39}},"232":{"start":{"line":233,"column":0},"end":{"line":233,"column":0}},"233":{"start":{"line":234,"column":0},"end":{"line":234,"column":38}},"234":{"start":{"line":235,"column":0},"end":{"line":235,"column":53}},"235":{"start":{"line":236,"column":0},"end":{"line":236,"column":9}},"236":{"start":{"line":237,"column":0},"end":{"line":237,"column":0}},"237":{"start":{"line":238,"column":0},"end":{"line":238,"column":20}},"238":{"start":{"line":239,"column":0},"end":{"line":239,"column":18}},"239":{"start":{"line":240,"column":0},"end":{"line":240,"column":82}},"240":{"start":{"line":241,"column":0},"end":{"line":241,"column":44}},"241":{"start":{"line":242,"column":0},"end":{"line":242,"column":56}},"242":{"start":{"line":243,"column":0},"end":{"line":243,"column":10}},"243":{"start":{"line":244,"column":0},"end":{"line":244,"column":7}},"244":{"start":{"line":245,"column":0},"end":{"line":245,"column":0}},"245":{"start":{"line":246,"column":0},"end":{"line":246,"column":38}},"246":{"start":{"line":247,"column":0},"end":{"line":247,"column":19}},"247":{"start":{"line":248,"column":0},"end":{"line":248,"column":65}},"248":{"start":{"line":249,"column":0},"end":{"line":249,"column":71}},"249":{"start":{"line":250,"column":0},"end":{"line":250,"column":56}},"250":{"start":{"line":251,"column":0},"end":{"line":251,"column":5}},"251":{"start":{"line":252,"column":0},"end":{"line":252,"column":4}},"252":{"start":{"line":253,"column":0},"end":{"line":253,"column":1}}},"s":{"0":1,"1":1,"2":1,"3":1,"4":1,"5":1,"6":1,"7":1,"8":1,"9":1,"10":1,"11":1,"12":1,"13":1,"14":1,"15":1,"16":1,"17":1,"18":1,"19":1,"20":1,"21":1,"22":1,"23":1,"24":1,"25":1,"26":1,"27":1,"28":1,"29":1,"30":1,"31":1,"32":1,"33":1,"34":1,"35":1,"36":1,"37":1,"38":1,"39":1,"40":1,"41":1,"42":1,"43":1,"44":1,"45":1,"46":1,"47":1,"48":1,"49":1,"50":1,"51":1,"52":1,"53":1,"54":1,"55":1,"56":1,"57":1,"58":1,"59":1,"60":1,"61":1,"62":1,"63":1,"64":1,"65":1,"66":1,"67":1,"68":1,"69":1,"70":1,"71":1,"72":1,"73":1,"74":1,"75":1,"76":1,"77":1,"78":1,"79":1,"80":1,"81":1,"82":1,"83":1,"84":1,"85":1,"86":1,"87":1,"88":5,"89":5,"90":5,"91":5,"92":5,"93":5,"94":5,"95":5,"96":5,"97":5,"98":5,"99":5,"100":1,"101":5,"102":5,"103":5,"104":4,"105":2,"106":5,"107":5,"108":1,"109":5,"110":5,"111":0,"112":0,"113":5,"114":5,"115":5,"116":1,"117":1,"118":4,"119":5,"120":0,"121":0,"122":4,"123":5,"124":0,"125":0,"126":4,"127":4,"128":4,"129":1,"130":3,"131":3,"132":3,"133":1,"134":1,"135":2,"136":2,"137":2,"138":2,"139":2,"140":3,"141":306,"142":306,"143":306,"144":262,"145":0,"146":262,"147":0,"148":262,"149":17,"150":17,"151":262,"152":262,"153":44,"154":306,"155":17,"156":17,"157":17,"158":27,"159":306,"160":3,"161":3,"162":3,"163":24,"164":306,"165":3,"166":3,"167":2,"168":2,"169":3,"170":306,"171":0,"172":0,"173":0,"174":1,"175":3,"176":3,"177":3,"178":1,"179":1,"180":2,"181":2,"182":1,"183":1,"184":6,"185":6,"186":1,"187":1,"188":5,"189":5,"190":5,"191":5,"192":5,"193":5,"194":5,"195":6,"196":1,"197":1,"198":1,"199":1,"200":1,"201":1,"202":1,"203":1,"204":6,"205":2,"206":2,"207":2,"208":2,"209":2,"210":2,"211":2,"212":2,"213":0,"214":0,"215":1,"216":1,"217":1,"218":1,"219":1,"220":1,"221":1,"222":1,"223":1,"224":3,"225":1,"226":1,"227":1,"228":1,"229":1,"230":1,"231":1,"232":1,"233":1,"234":0,"235":0,"236":1,"237":1,"238":1,"239":1,"240":1,"241":1,"242":1,"243":1,"244":3,"245":3,"246":6,"247":2,"248":2,"249":2,"250":2,"251":6,"252":6},"branchMap":{"0":{"type":"branch","line":76,"loc":{"start":{"line":76,"column":2},"end":{"line":79,"column":3}},"locations":[{"start":{"line":76,"column":2},"end":{"line":79,"column":3}}]},"1":{"type":"branch","line":89,"loc":{"start":{"line":89,"column":0},"end":{"line":100,"column":1}},"locations":[{"start":{"line":89,"column":0},"end":{"line":100,"column":1}}]},"2":{"type":"branch","line":102,"loc":{"start":{"line":102,"column":0},"end":{"line":108,"column":1}},"locations":[{"start":{"line":102,"column":0},"end":{"line":108,"column":1}}]},"3":{"type":"branch","line":104,"loc":{"start":{"line":104,"column":13},"end":{"line":105,"column":36}},"locations":[{"start":{"line":104,"column":13},"end":{"line":105,"column":36}}]},"4":{"type":"branch","line":105,"loc":{"start":{"line":105,"column":13},"end":{"line":106,"column":30}},"locations":[{"start":{"line":105,"column":13},"end":{"line":106,"column":30}}]},"5":{"type":"branch","line":110,"loc":{"start":{"line":110,"column":0},"end":{"line":129,"column":1}},"locations":[{"start":{"line":110,"column":0},"end":{"line":129,"column":1}}]},"6":{"type":"branch","line":111,"loc":{"start":{"line":111,"column":47},"end":{"line":113,"column":3}},"locations":[{"start":{"line":111,"column":47},"end":{"line":113,"column":3}}]},"7":{"type":"branch","line":116,"loc":{"start":{"line":116,"column":26},"end":{"line":118,"column":3}},"locations":[{"start":{"line":116,"column":26},"end":{"line":118,"column":3}}]},"8":{"type":"branch","line":118,"loc":{"start":{"line":118,"column":2},"end":{"line":120,"column":41}},"locations":[{"start":{"line":118,"column":2},"end":{"line":120,"column":41}}]},"9":{"type":"branch","line":120,"loc":{"start":{"line":120,"column":41},"end":{"line":122,"column":3}},"locations":[{"start":{"line":120,"column":41},"end":{"line":122,"column":3}}]},"10":{"type":"branch","line":122,"loc":{"start":{"line":122,"column":2},"end":{"line":124,"column":67}},"locations":[{"start":{"line":122,"column":2},"end":{"line":124,"column":67}}]},"11":{"type":"branch","line":124,"loc":{"start":{"line":124,"column":67},"end":{"line":126,"column":3}},"locations":[{"start":{"line":124,"column":67},"end":{"line":126,"column":3}}]},"12":{"type":"branch","line":126,"loc":{"start":{"line":126,"column":2},"end":{"line":129,"column":1}},"locations":[{"start":{"line":126,"column":2},"end":{"line":129,"column":1}}]},"13":{"type":"branch","line":131,"loc":{"start":{"line":131,"column":0},"end":{"line":174,"column":1}},"locations":[{"start":{"line":131,"column":0},"end":{"line":174,"column":1}}]},"14":{"type":"branch","line":133,"loc":{"start":{"line":133,"column":20},"end":{"line":135,"column":3}},"locations":[{"start":{"line":133,"column":20},"end":{"line":135,"column":3}}]},"15":{"type":"branch","line":135,"loc":{"start":{"line":135,"column":2},"end":{"line":141,"column":47}},"locations":[{"start":{"line":135,"column":2},"end":{"line":141,"column":47}}]},"16":{"type":"branch","line":141,"loc":{"start":{"line":141,"column":47},"end":{"line":171,"column":3}},"locations":[{"start":{"line":141,"column":47},"end":{"line":171,"column":3}}]},"17":{"type":"branch","line":144,"loc":{"start":{"line":144,"column":18},"end":{"line":153,"column":5}},"locations":[{"start":{"line":144,"column":18},"end":{"line":153,"column":5}}]},"18":{"type":"branch","line":145,"loc":{"start":{"line":145,"column":19},"end":{"line":147,"column":13}},"locations":[{"start":{"line":145,"column":19},"end":{"line":147,"column":13}}]},"19":{"type":"branch","line":147,"loc":{"start":{"line":147,"column":30},"end":{"line":149,"column":13}},"locations":[{"start":{"line":147,"column":30},"end":{"line":149,"column":13}}]},"20":{"type":"branch","line":149,"loc":{"start":{"line":149,"column":30},"end":{"line":151,"column":7}},"locations":[{"start":{"line":149,"column":30},"end":{"line":151,"column":7}}]},"21":{"type":"branch","line":153,"loc":{"start":{"line":153,"column":4},"end":{"line":155,"column":21}},"locations":[{"start":{"line":153,"column":4},"end":{"line":155,"column":21}}]},"22":{"type":"branch","line":155,"loc":{"start":{"line":155,"column":21},"end":{"line":158,"column":5}},"locations":[{"start":{"line":155,"column":21},"end":{"line":158,"column":5}}]},"23":{"type":"branch","line":158,"loc":{"start":{"line":158,"column":4},"end":{"line":160,"column":20}},"locations":[{"start":{"line":158,"column":4},"end":{"line":160,"column":20}}]},"24":{"type":"branch","line":160,"loc":{"start":{"line":160,"column":20},"end":{"line":163,"column":5}},"locations":[{"start":{"line":160,"column":20},"end":{"line":163,"column":5}}]},"25":{"type":"branch","line":163,"loc":{"start":{"line":163,"column":4},"end":{"line":165,"column":20}},"locations":[{"start":{"line":163,"column":4},"end":{"line":165,"column":20}}]},"26":{"type":"branch","line":165,"loc":{"start":{"line":165,"column":20},"end":{"line":170,"column":5}},"locations":[{"start":{"line":165,"column":20},"end":{"line":170,"column":5}}]},"27":{"type":"branch","line":167,"loc":{"start":{"line":167,"column":23},"end":{"line":169,"column":7}},"locations":[{"start":{"line":167,"column":23},"end":{"line":169,"column":7}}]},"28":{"type":"branch","line":171,"loc":{"start":{"line":171,"column":2},"end":{"line":174,"column":1}},"locations":[{"start":{"line":171,"column":2},"end":{"line":174,"column":1}}]},"29":{"type":"branch","line":176,"loc":{"start":{"line":176,"column":0},"end":{"line":182,"column":1}},"locations":[{"start":{"line":176,"column":0},"end":{"line":182,"column":1}}]},"30":{"type":"branch","line":178,"loc":{"start":{"line":178,"column":18},"end":{"line":180,"column":3}},"locations":[{"start":{"line":178,"column":18},"end":{"line":180,"column":3}}]},"31":{"type":"branch","line":180,"loc":{"start":{"line":180,"column":2},"end":{"line":182,"column":1}},"locations":[{"start":{"line":180,"column":2},"end":{"line":182,"column":1}}]},"32":{"type":"branch","line":184,"loc":{"start":{"line":184,"column":7},"end":{"line":253,"column":1}},"locations":[{"start":{"line":184,"column":7},"end":{"line":253,"column":1}}]},"33":{"type":"branch","line":185,"loc":{"start":{"line":185,"column":9},"end":{"line":252,"column":4}},"locations":[{"start":{"line":185,"column":9},"end":{"line":252,"column":4}}]},"34":{"type":"branch","line":186,"loc":{"start":{"line":186,"column":34},"end":{"line":188,"column":5}},"locations":[{"start":{"line":186,"column":34},"end":{"line":188,"column":5}}]},"35":{"type":"branch","line":188,"loc":{"start":{"line":188,"column":4},"end":{"line":196,"column":27}},"locations":[{"start":{"line":188,"column":4},"end":{"line":196,"column":27}}]},"36":{"type":"branch","line":196,"loc":{"start":{"line":196,"column":27},"end":{"line":205,"column":13}},"locations":[{"start":{"line":196,"column":27},"end":{"line":205,"column":13}}]},"37":{"type":"branch","line":203,"loc":{"start":{"line":203,"column":38},"end":{"line":203,"column":71}},"locations":[{"start":{"line":203,"column":38},"end":{"line":203,"column":71}}]},"38":{"type":"branch","line":205,"loc":{"start":{"line":205,"column":6},"end":{"line":247,"column":6}},"locations":[{"start":{"line":205,"column":6},"end":{"line":247,"column":6}}]},"39":{"type":"branch","line":205,"loc":{"start":{"line":205,"column":48},"end":{"line":225,"column":13}},"locations":[{"start":{"line":205,"column":48},"end":{"line":225,"column":13}}]},"40":{"type":"branch","line":213,"loc":{"start":{"line":213,"column":40},"end":{"line":215,"column":9}},"locations":[{"start":{"line":213,"column":40},"end":{"line":215,"column":9}}]},"41":{"type":"branch","line":215,"loc":{"start":{"line":215,"column":8},"end":{"line":225,"column":13}},"locations":[{"start":{"line":215,"column":8},"end":{"line":225,"column":13}}]},"42":{"type":"branch","line":225,"loc":{"start":{"line":225,"column":6},"end":{"line":244,"column":7}},"locations":[{"start":{"line":225,"column":6},"end":{"line":244,"column":7}}]},"43":{"type":"branch","line":226,"loc":{"start":{"line":226,"column":70},"end":{"line":226,"column":82}},"locations":[{"start":{"line":226,"column":70},"end":{"line":226,"column":82}}]},"44":{"type":"branch","line":234,"loc":{"start":{"line":234,"column":37},"end":{"line":236,"column":9}},"locations":[{"start":{"line":234,"column":37},"end":{"line":236,"column":9}}]},"45":{"type":"branch","line":247,"loc":{"start":{"line":247,"column":6},"end":{"line":251,"column":5}},"locations":[{"start":{"line":247,"column":6},"end":{"line":251,"column":5}}]},"46":{"type":"branch","line":248,"loc":{"start":{"line":248,"column":36},"end":{"line":248,"column":58}},"locations":[{"start":{"line":248,"column":36},"end":{"line":248,"column":58}}]},"47":{"type":"branch","line":248,"loc":{"start":{"line":248,"column":58},"end":{"line":248,"column":65}},"locations":[{"start":{"line":248,"column":58},"end":{"line":248,"column":65}}]},"48":{"type":"branch","line":249,"loc":{"start":{"line":249,"column":56},"end":{"line":249,"column":71}},"locations":[{"start":{"line":249,"column":56},"end":{"line":249,"column":71}}]}},"b":{"0":[1],"1":[5],"2":[5],"3":[4],"4":[2],"5":[5],"6":[0],"7":[1],"8":[4],"9":[0],"10":[4],"11":[0],"12":[4],"13":[3],"14":[1],"15":[2],"16":[306],"17":[262],"18":[0],"19":[0],"20":[17],"21":[44],"22":[17],"23":[27],"24":[3],"25":[24],"26":[3],"27":[2],"28":[0],"29":[3],"30":[1],"31":[2],"32":[6],"33":[6],"34":[1],"35":[5],"36":[1],"37":[0],"38":[3],"39":[2],"40":[0],"41":[1],"42":[1],"43":[0],"44":[0],"45":[2],"46":[1],"47":[1],"48":[0]},"fnMap":{"0":{"name":"HttpError","decl":{"start":{"line":76,"column":2},"end":{"line":79,"column":3}},"loc":{"start":{"line":76,"column":2},"end":{"line":79,"column":3}},"line":76},"1":{"name":"toJsonResponse","decl":{"start":{"line":89,"column":0},"end":{"line":100,"column":1}},"loc":{"start":{"line":89,"column":0},"end":{"line":100,"column":1}},"line":89},"2":{"name":"isMode","decl":{"start":{"line":102,"column":0},"end":{"line":108,"column":1}},"loc":{"start":{"line":102,"column":0},"end":{"line":108,"column":1}},"line":102},"3":{"name":"getRequestBody","decl":{"start":{"line":110,"column":0},"end":{"line":129,"column":1}},"loc":{"start":{"line":110,"column":0},"end":{"line":129,"column":1}},"line":110},"4":{"name":"extractJsonObject","decl":{"start":{"line":131,"column":0},"end":{"line":174,"column":1}},"loc":{"start":{"line":131,"column":0},"end":{"line":174,"column":1}},"line":131},"5":{"name":"parseJsonBlock","decl":{"start":{"line":176,"column":0},"end":{"line":182,"column":1}},"loc":{"start":{"line":176,"column":0},"end":{"line":182,"column":1}},"line":176},"6":{"name":"createOnboardingHandler","decl":{"start":{"line":184,"column":7},"end":{"line":253,"column":1}},"loc":{"start":{"line":184,"column":7},"end":{"line":253,"column":1}},"line":184}},"f":{"0":1,"1":5,"2":5,"3":5,"4":3,"5":3,"6":6}}
}
