TN:
SF:components/HackathonTimeline.tsx
FN:68,buildCfg
FN:81,initialAngle
FN:86,circlePos
FN:91,toStablePx
FN:95,itemOpacity
FN:102,HackathonTimeline
FN:116,onResize
FN:137,handleScroll
FN:251,ref
FN:255,ref
FNF:10
FNH:8
FNDA:2,buildCfg
FNDA:14,initialAngle
FNDA:14,circlePos
FNDA:28,toStablePx
FNDA:7,itemOpacity
FNDA:2,HackathonTimeline
FNDA:0,onResize
FNDA:0,handleScroll
FNDA:28,ref
FNDA:28,ref
DA:1,1
DA:2,1
DA:3,1
DA:4,1
DA:5,1
DA:6,1
DA:7,1
DA:8,1
DA:9,1
DA:10,1
DA:11,1
DA:12,1
DA:13,1
DA:14,1
DA:15,1
DA:16,1
DA:17,1
DA:18,1
DA:19,1
DA:20,1
DA:21,1
DA:22,1
DA:23,1
DA:24,1
DA:25,1
DA:26,1
DA:27,1
DA:28,1
DA:29,1
DA:30,1
DA:31,1
DA:32,1
DA:33,1
DA:34,1
DA:35,1
DA:36,1
DA:37,1
DA:38,1
DA:39,1
DA:40,1
DA:41,1
DA:42,1
DA:43,1
DA:44,1
DA:45,1
DA:46,1
DA:47,1
DA:48,1
DA:49,1
DA:50,1
DA:51,1
DA:52,1
DA:53,1
DA:54,1
DA:55,1
DA:56,1
DA:57,1
DA:58,1
DA:59,1
DA:60,1
DA:61,1
DA:62,1
DA:63,1
DA:64,1
DA:65,1
DA:66,1
DA:67,1
DA:68,2
DA:69,2
DA:70,0
DA:71,0
DA:72,0
DA:73,0
DA:74,2
DA:75,0
DA:76,0
DA:77,0
DA:78,2
DA:79,2
DA:80,1
DA:81,14
DA:82,14
DA:83,14
DA:84,14
DA:85,1
DA:86,14
DA:87,14
DA:88,14
DA:89,14
DA:90,1
DA:91,28
DA:92,28
DA:93,28
DA:94,1
DA:95,7
DA:96,7
DA:97,7
DA:98,7
DA:99,4
DA:100,4
DA:101,1
DA:102,1
DA:103,2
DA:104,2
DA:105,2
DA:106,2
DA:107,2
DA:108,2
DA:109,2
DA:110,2
DA:111,2
DA:112,2
DA:113,2
DA:114,2
DA:115,1
DA:116,1
DA:117,1
DA:118,1
DA:119,2
DA:120,2
DA:121,2
DA:122,2
DA:123,1
DA:124,1
DA:125,1
DA:126,1
DA:127,1
DA:128,1
DA:129,7
DA:130,7
DA:131,7
DA:132,1
DA:133,7
DA:134,7
DA:135,7
DA:136,1
DA:137,1
DA:138,0
DA:139,0
DA:140,0
DA:141,0
DA:142,0
DA:143,0
DA:144,0
DA:145,0
DA:146,0
DA:147,0
DA:148,0
DA:149,0
DA:150,0
DA:151,0
DA:152,0
DA:153,0
DA:154,0
DA:155,0
DA:156,0
DA:157,0
DA:158,0
DA:159,0
DA:160,0
DA:161,0
DA:162,0
DA:163,0
DA:164,0
DA:165,0
DA:166,0
DA:167,0
DA:168,0
DA:169,0
DA:170,0
DA:171,0
DA:172,0
DA:173,1
DA:174,1
DA:175,1
DA:176,2
DA:177,2
DA:178,2
DA:179,2
DA:180,2
DA:181,2
DA:182,2
DA:183,2
DA:184,2
DA:185,2
DA:186,2
DA:187,2
DA:188,2
DA:189,2
DA:190,2
DA:191,2
DA:192,2
DA:193,2
DA:194,2
DA:195,2
DA:196,2
DA:197,2
DA:198,2
DA:199,2
DA:200,2
DA:201,2
DA:202,2
DA:203,2
DA:204,2
DA:205,2
DA:206,2
DA:207,2
DA:208,2
DA:209,2
DA:210,2
DA:211,2
DA:212,2
DA:213,2
DA:214,2
DA:215,2
DA:216,2
DA:217,2
DA:218,2
DA:219,2
DA:220,2
DA:221,2
DA:222,2
DA:223,2
DA:224,2
DA:225,2
DA:226,2
DA:227,2
DA:228,2
DA:229,2
DA:230,2
DA:231,2
DA:232,2
DA:233,2
DA:234,2
DA:235,2
DA:236,2
DA:237,2
DA:238,2
DA:239,14
DA:240,14
DA:241,14
DA:242,14
DA:243,14
DA:244,14
DA:245,14
DA:246,14
DA:247,14
DA:248,14
DA:249,14
DA:250,14
DA:251,14
DA:252,14
DA:253,14
DA:254,14
DA:255,14
DA:256,14
DA:257,14
DA:258,14
DA:259,14
DA:260,14
DA:261,14
DA:262,14
DA:263,14
DA:264,14
DA:265,14
DA:266,14
DA:267,14
DA:268,14
DA:269,14
DA:270,14
DA:271,14
DA:272,14
DA:273,2
DA:274,2
DA:275,2
DA:276,2
DA:277,2
DA:278,2
DA:279,2
DA:280,2
DA:281,2
DA:282,2
DA:283,2
DA:284,2
DA:285,2
DA:286,2
DA:287,2
DA:288,2
DA:289,2
DA:290,2
DA:291,2
DA:292,2
DA:293,2
DA:294,2
DA:295,2
DA:296,2
DA:297,2
DA:298,2
DA:299,2
DA:300,2
DA:301,2
DA:302,2
DA:303,2
DA:304,2
DA:305,2
DA:306,2
DA:307,2
DA:308,2
DA:309,2
DA:310,2
DA:311,2
DA:312,2
DA:313,2
DA:314,2
DA:315,2
DA:316,2
DA:317,2
DA:318,2
DA:319,2
DA:320,2
DA:321,2
DA:322,2
DA:323,2
DA:324,2
DA:325,2
DA:326,2
DA:327,2
DA:328,2
DA:329,2
DA:330,2
DA:331,2
DA:332,2
DA:333,2
DA:334,2
DA:335,2
DA:336,2
DA:337,2
DA:338,2
DA:339,2
DA:340,2
DA:341,2
DA:342,2
LF:342
LH:300
BRDA:68,0,0,2
BRDA:69,1,0,0
BRDA:74,2,0,0
BRDA:81,3,0,14
BRDA:86,4,0,14
BRDA:91,5,0,28
BRDA:95,6,0,7
BRDA:96,7,0,1
BRDA:96,8,0,6
BRDA:97,9,0,1
BRDA:97,10,0,5
BRDA:98,11,0,1
BRDA:98,12,0,4
BRDA:102,13,0,2
BRDA:310,14,0,0
BRDA:323,15,0,0
BRDA:111,16,0,1
BRDA:114,17,0,1
BRDA:118,18,0,1
BRDA:122,19,0,1
BRDA:124,20,0,0
BRDA:128,21,0,7
BRDA:129,22,0,0
BRDA:130,23,0,1
BRDA:130,24,0,6
BRDA:132,25,0,7
BRDA:133,26,0,0
BRDA:134,27,0,1
BRDA:134,28,0,6
BRDA:175,29,0,1
BRDA:238,30,0,14
BRDA:263,31,0,2
BRDA:263,32,0,12
BRDA:251,33,0,28
BRDA:255,34,0,28
BRF:35
BRH:28
end_of_record
