TN:
SF:components/expert-interview/HoldToTalk.tsx
FN:23,HoldToTalk
FN:57,mediaRecorder.ondataavailable
FN:92,Blob.type
FN:93,mediaRecorder.onstop
FNF:4
FNH:4
FNDA:10,HoldToTalk
FNDA:2,mediaRecorder.ondataavailable
FNDA:2,Blob.type
FNDA:2,mediaRecorder.onstop
DA:1,1
DA:2,1
DA:3,1
DA:4,1
DA:5,1
DA:6,1
DA:7,1
DA:8,1
DA:9,1
DA:10,1
DA:11,1
DA:12,1
DA:13,1
DA:14,1
DA:15,1
DA:16,1
DA:17,1
DA:18,1
DA:19,1
DA:20,1
DA:21,1
DA:22,1
DA:23,1
DA:24,10
DA:25,10
DA:26,10
DA:27,10
DA:28,10
DA:29,10
DA:30,10
DA:31,10
DA:32,10
DA:33,10
DA:34,10
DA:35,10
DA:36,10
DA:37,2
DA:38,2
DA:39,2
DA:40,2
DA:41,2
DA:42,2
DA:43,2
DA:44,2
DA:45,2
DA:46,2
DA:47,2
DA:48,2
DA:49,2
DA:50,2
DA:51,0
DA:52,2
DA:53,2
DA:54,2
DA:55,2
DA:56,2
DA:57,2
DA:58,2
DA:59,2
DA:60,2
DA:61,2
DA:62,2
DA:63,2
DA:64,2
DA:65,2
DA:66,2
DA:67,2
DA:68,2
DA:69,0
DA:70,0
DA:71,0
DA:72,10
DA:73,10
DA:74,10
DA:75,2
DA:76,2
DA:77,2
DA:78,2
DA:79,0
DA:80,0
DA:81,0
DA:82,2
DA:83,2
DA:84,2
DA:85,2
DA:86,2
DA:87,2
DA:88,2
DA:89,2
DA:90,2
DA:91,2
DA:92,2
DA:93,2
DA:94,2
DA:95,2
DA:96,2
DA:97,2
DA:98,2
DA:99,2
DA:100,2
DA:101,2
DA:102,2
DA:103,2
DA:104,2
DA:105,2
DA:106,2
DA:107,2
DA:108,2
DA:109,2
DA:110,2
DA:111,2
DA:112,2
DA:113,0
DA:114,0
DA:115,2
DA:116,2
DA:117,2
DA:118,2
DA:119,2
DA:120,2
DA:121,2
DA:122,2
DA:123,2
DA:124,0
DA:125,0
DA:126,0
DA:127,2
DA:128,2
DA:129,2
DA:130,10
DA:131,10
DA:132,10
DA:133,10
DA:134,2
DA:135,2
DA:136,2
DA:137,2
DA:138,10
DA:139,10
DA:140,10
DA:141,10
DA:142,2
DA:143,2
DA:144,2
DA:145,10
DA:146,10
DA:147,10
DA:148,10
DA:149,10
DA:150,10
DA:151,10
DA:152,10
DA:153,2
DA:154,0
DA:155,2
DA:156,8
DA:157,2
DA:158,0
DA:159,2
DA:160,6
DA:161,10
DA:162,10
DA:163,0
DA:164,0
DA:165,0
DA:166,0
DA:167,0
DA:168,0
DA:169,0
DA:170,0
DA:171,0
DA:172,0
DA:173,0
DA:174,0
DA:175,0
DA:176,0
DA:177,0
DA:178,0
DA:179,0
DA:180,0
DA:181,0
DA:182,0
DA:183,0
DA:184,0
DA:185,0
DA:186,0
DA:187,0
DA:188,0
DA:189,0
DA:190,0
DA:191,0
DA:192,0
DA:193,0
DA:194,0
DA:195,0
DA:196,0
DA:197,0
DA:198,0
DA:199,0
DA:200,0
DA:201,0
DA:202,0
DA:203,0
DA:204,0
DA:205,0
DA:206,0
DA:207,10
DA:208,10
DA:209,10
DA:210,10
DA:211,10
DA:212,10
DA:213,10
DA:214,10
DA:215,10
DA:216,10
DA:217,10
DA:218,2
DA:219,8
DA:220,2
DA:221,6
DA:222,10
DA:223,10
DA:224,10
DA:225,10
DA:226,10
DA:227,10
DA:228,2
DA:229,2
DA:230,10
DA:231,10
DA:232,10
DA:233,10
DA:234,10
DA:235,10
DA:236,10
DA:237,10
DA:238,10
DA:239,10
LF:239
LH:181
BRDA:23,0,0,10
BRDA:149,1,0,8
BRDA:151,2,0,1
BRDA:151,3,0,9
BRDA:152,4,0,2
BRDA:153,5,0,0
BRDA:155,6,0,8
BRDA:156,7,0,2
BRDA:157,8,0,0
BRDA:159,9,0,6
BRDA:162,10,0,0
BRDA:214,11,0,9
BRDA:217,12,0,2
BRDA:218,13,0,8
BRDA:219,14,0,2
BRDA:220,15,0,6
BRDA:222,16,0,1
BRDA:227,17,0,2
BRDA:233,18,0,2
BRDA:233,19,0,6
BRDA:36,20,0,2
BRDA:37,21,0,0
BRDA:50,22,0,0
BRDA:67,23,0,0
BRDA:68,24,0,0
BRDA:57,25,0,2
BRDA:74,26,0,2
BRDA:75,27,0,0
BRDA:78,28,0,0
BRDA:89,29,0,0
BRDA:105,30,0,0
BRDA:112,31,0,0
BRDA:123,32,0,0
BRDA:85,33,0,2
BRDA:92,34,0,2
BRDA:93,35,0,2
BRDA:133,36,0,2
BRDA:141,37,0,2
BRF:38
BRH:25
end_of_record
TN:
SF:lib/utils.ts
FN:4,cn
FNF:1
FNH:1
FNDA:18,cn
DA:1,1
DA:2,1
DA:3,1
DA:4,1
DA:5,18
DA:6,18
LF:6
LH:6
BRDA:4,0,0,18
BRF:1
BRH:1
end_of_record
